<html xmlns:math="http://exslt.org/math" xmlns:testng="http://testng.org">
   <head>
      <title>TestNG Results</title>
      <meta http-equiv="content-type" content="text/html; charset=utf-8"></meta>
      <meta http-equiv="pragma" content="no-cache"></meta>
      <meta http-equiv="cache-control" content="max-age=0"></meta>
      <meta http-equiv="cache-control" content="no-cache"></meta>
      <meta http-equiv="cache-control" content="no-store"></meta>
      <LINK rel="stylesheet" href="style.css"></LINK>
      <script type="text/javascript" src="main.js"></script>
   </head>
   <body>
      <table width="100%" style="font-size: 16px; margin-bottom: 10px;" cellspacing="1">
         <tr>
            <td width="100%">
               Test case
               
               <b>Test1</b>
            </td>
            <td style="background-color: #FFBBBB; padding: 3px 3px 3px 0;" align="center">
               <div style="width: 50px;">1</div>
            </td>
            <td style="background-color: lightgreen; padding: 3px 3px 3px 0;" align="center">
               <div style="width: 50px;">5</div>
            </td>
            <td style="background-color: #FFFFBB; padding: 3px 3px 3px 0;" align="center">
               <div style="width: 50px;">0</div>
            </td>
            <td align="center" style="background-color: #eaf0f7; padding: 3px 3px 3px 0;">
               <div style="width: 50px;">6</div>
            </td>
            <td align="center"
                style="font-weight: bold; background-color: #eaf0f7; padding: 3px 3px 3px 0;">
               <div style="width: 50px;">83%</div>
            </td>
         </tr>
      </table>
      <div style="width: 200px;">
         <label for="groupMethodsCheckBox" style="font-weight: bold; margin: 0;">
            <input id="groupMethodsCheckBox" type="checkbox" onclick="switchTestMethodsView(this)"></input>
            Group by class
            
         </label>
         <br></br>
         <label for="methodsFilter_ALL" style="font-weight: bold; margin: 0;">
            <input id="methodsFilter_ALL" type="checkbox"
                   onclick="testMethodsFilterChanged(this, 'ALL')"></input>
            All
            
         </label>
      </div>
      <label for="methodsFilter_FAIL" style="margin-left: 20px;">
         <input id="methodsFilter_FAIL" type="checkbox"
                onclick="testMethodsFilterChanged(this, 'FAIL')"
                checked=""></input>
         Failed
         
      </label>
      <label for="methodsFilter_PASS">
         <input id="methodsFilter_PASS" type="checkbox"
                onclick="testMethodsFilterChanged(this, 'PASS')"
                checked=""></input>
         Passed
         
      </label>
      <label for="methodsFilter_SKIP">
         <input id="methodsFilter_SKIP" type="checkbox"
                onclick="testMethodsFilterChanged(this, 'SKIP')"
                checked=""></input>
         Skipped
         
      </label>
      <label for="methodsFilter_CONF">
         <input id="methodsFilter_CONF" type="checkbox"
                onclick="testMethodsFilterChanged(this, 'CONF')"></input>
         Config
         
      </label>
      <br></br>
      <div id="testMethodsByStatus">
         <table class="testMethodsTable" cellpadding="0" cellspacing="0">
            <tr class="methodsTableHeader">
               <td width="100%">Name</td>
               <td nowrap="true">Started</td>
               <td nowrap="true">Duration</td>
               <td>Exception</td>
            </tr>
            <tr id="com.erin.selenium.testCase.login_TestGoPay_byStatus_failed_FAIL1_row"
                class="testMethodStatusFAIL">
               <td width="100%" class="firstMethodCell">
                  <a onclick="toggleDetailsVisibility('com.erin.selenium.testCase.login_TestGoPay_byStatus_failed_FAIL1_details')">TestGoPay()</a>
               </td>
               <td nowrap="true">08:33:13</td>
               <td nowrap="true" align="right">2s
                  
               </td>
               <td nowrap="true">
                  <a onclick="toggleDetailsVisibility('com.erin.selenium.testCase.login_TestGoPay_byStatus_failed_FAIL1_exception')">org.openqa.selenium.NoSuchElementException: 
                     no such element: Unable to locate element: {"method":"class name","selector":"order"}
                     (Session info: chrome=71.0.3578.98)
                     (Driver info: chromedriver=2.39.562718 (9a2698cba08cf5a471a29d30c8b3e12becabb0e9),platform=Windows NT 10.0.17134 x86_64) (WARNING:
                     The server did not provide any stacktrace information)
                     Command duration or timeout: 0 milliseconds
                     For documentation on this error, please visit: http://seleniumhq.org/exceptions/no_such_element.html
                     Build info: version: '3.14.0', revision: 'aacccce0', time: '2018-08-02T20:19:58.91Z'
                     System info: host: 'DESKTOP-DUFVKRL', ip: '192.168.1.124', os.name: 'Windows 10', os.arch: 'amd64', os.version: '10.0', java.version:
                     '1.8.0_171'
                     Driver info: org.openqa.selenium.chrome.ChromeDriver
                     Capabilities {acceptInsecureCerts: false, acceptSslCerts: false, applicationCacheEnabled: false, browserConnectionEnabled:
                     false, browserName: chrome, chrome: {chromedriverVersion: 2.39.562718 (9a2698cba08cf5..., userDataDir: C:\Users\84112\AppData\Loca...},
                     cssSelectorsEnabled: true, databaseEnabled: false, handlesAlerts: true, hasTouchScreen: false, javascriptEnabled: true, locationContextEnabled:
                     true, mobileEmulationEnabled: false, nativeEvents: true, networkConnectionEnabled: false, pageLoadStrategy: normal, platform:
                     XP, platformName: XP, rotatable: false, setWindowRect: true, takesHeapSnapshot: true, takesScreenshot: true, unexpectedAlertBehaviour:
                     , unhandledPromptBehavior: , version: 71.0.3578.98, webStorageEnabled: true}
                     Session ID: 3b0e3efd2837976b079756aa021e9831
                     *** Element info: {Using=class name, value=order}
                     
                  </a>
                   
                  
               </td>
            </tr>
            <tr>
               <td colspan="4" class="detailsBox">
                  <div id="com.erin.selenium.testCase.login_TestGoPay_byStatus_failed_FAIL1_details"
                       class="testMethodDetails">
                     <div>
                        <b>Name: </b>TestGoPay
                     </div>
                     <div>
                        <b>Signature: </b>TestGoPay()[pri:0, instance:com.erin.selenium.testCase.login@2d928643]
                     </div>
                     <div>
                        <b>Start time: </b>08:33:13
                     </div>
                     <div>
                        <b>End time: </b>08:33:15
                     </div>
                     <div>
                        <b>Duration: </b>2s
                        
                     </div>
                     <div>
                        <b>Depends on methods:
                           
                        </b>
                        <div>
                               -
                           com.erin.selenium.testCase.login.TestSureOrder
                        </div>
                     </div>
                  </div>
               </td>
            </tr>
            <tr>
               <td colspan="4" class="detailsBox">
                  <div id="com.erin.selenium.testCase.login_TestGoPay_byStatus_failed_FAIL1_exception"
                       class="testMethodDetails">
                     <pre style="padding: 5px; margin: 0;">org.openqa.selenium.NoSuchElementException: no such element: Unable to locate element: {"method":"class name","selector":"order"}
                        (Session info: chrome=71.0.3578.98)
                        (Driver info: chromedriver=2.39.562718 (9a2698cba08cf5a471a29d30c8b3e12becabb0e9),platform=Windows NT 10.0.17134 x86_64) (WARNING:
                        The server did not provide any stacktrace information)
                        Command duration or timeout: 0 milliseconds
                        For documentation on this error, please visit: http://seleniumhq.org/exceptions/no_such_element.html
                        Build info: version: '3.14.0', revision: 'aacccce0', time: '2018-08-02T20:19:58.91Z'
                        System info: host: 'DESKTOP-DUFVKRL', ip: '192.168.1.124', os.name: 'Windows 10', os.arch: 'amd64', os.version: '10.0', java.version:
                        '1.8.0_171'
                        Driver info: org.openqa.selenium.chrome.ChromeDriver
                        Capabilities {acceptInsecureCerts: false, acceptSslCerts: false, applicationCacheEnabled: false, browserConnectionEnabled:
                        false, browserName: chrome, chrome: {chromedriverVersion: 2.39.562718 (9a2698cba08cf5..., userDataDir: C:\Users\84112\AppData\Loca...},
                        cssSelectorsEnabled: true, databaseEnabled: false, handlesAlerts: true, hasTouchScreen: false, javascriptEnabled: true, locationContextEnabled:
                        true, mobileEmulationEnabled: false, nativeEvents: true, networkConnectionEnabled: false, pageLoadStrategy: normal, platform:
                        XP, platformName: XP, rotatable: false, setWindowRect: true, takesHeapSnapshot: true, takesScreenshot: true, unexpectedAlertBehaviour:
                        , unhandledPromptBehavior: , version: 71.0.3578.98, webStorageEnabled: true}
                        Session ID: 3b0e3efd2837976b079756aa021e9831
                        *** Element info: {Using=class name, value=order}
                        at sun.reflect.NativeConstructorAccessorImpl.newInstance0(Native Method)
                        at sun.reflect.NativeConstructorAccessorImpl.newInstance(NativeConstructorAccessorImpl.java:62)
                        at sun.reflect.DelegatingConstructorAccessorImpl.newInstance(DelegatingConstructorAccessorImpl.java:45)
                        at java.lang.reflect.Constructor.newInstance(Constructor.java:423)
                        at org.openqa.selenium.remote.ErrorHandler.createThrowable(ErrorHandler.java:214)
                        at org.openqa.selenium.remote.ErrorHandler.throwIfResponseFailed(ErrorHandler.java:166)
                        at org.openqa.selenium.remote.http.JsonHttpResponseCodec.reconstructValue(JsonHttpResponseCodec.java:40)
                        at org.openqa.selenium.remote.http.AbstractHttpResponseCodec.decode(AbstractHttpResponseCodec.java:80)
                        at org.openqa.selenium.remote.http.AbstractHttpResponseCodec.decode(AbstractHttpResponseCodec.java:44)
                        at org.openqa.selenium.remote.HttpCommandExecutor.execute(HttpCommandExecutor.java:158)
                        at org.openqa.selenium.remote.service.DriverCommandExecutor.execute(DriverCommandExecutor.java:83)
                        at org.openqa.selenium.remote.RemoteWebDriver.execute(RemoteWebDriver.java:548)
                        at org.openqa.selenium.remote.RemoteWebDriver.findElement(RemoteWebDriver.java:322)
                        at org.openqa.selenium.remote.RemoteWebDriver.findElementByClassName(RemoteWebDriver.java:408)
                        at org.openqa.selenium.By$ByClassName.findElement(By.java:389)
                        at org.openqa.selenium.remote.RemoteWebDriver.findElement(RemoteWebDriver.java:314)
                        at com.erin.selenium.base.DriverBase.findElement(DriverBase.java:47)
                        at com.erin.selenium.page.BasePage.element(BasePage.java:25)
                        at com.erin.selenium.page.orderPayPage.getOrderNumElement(orderPayPage.java:16)
                        at com.erin.selenium.handle.OrderPayPageHandle.getOrderName(OrderPayPageHandle.java:18)
                        at com.erin.selenium.business.OrderPayPagePro.orderPayPro(OrderPayPagePro.java:17)
                        at com.erin.selenium.testCase.login.TestGoPay(login.java:102)
                        at sun.reflect.NativeMethodAccessorImpl.invoke0(Native Method)
                        at sun.reflect.NativeMethodAccessorImpl.invoke(NativeMethodAccessorImpl.java:62)
                        at sun.reflect.DelegatingMethodAccessorImpl.invoke(DelegatingMethodAccessorImpl.java:43)
                        at java.lang.reflect.Method.invoke(Method.java:498)
                        at org.testng.internal.MethodInvocationHelper.invokeMethod(MethodInvocationHelper.java:124)
                        at org.testng.internal.Invoker.invokeMethod(Invoker.java:580)
                        at org.testng.internal.Invoker.invokeTestMethod(Invoker.java:716)
                        at org.testng.internal.Invoker.invokeTestMethods(Invoker.java:988)
                        at org.testng.internal.TestMethodWorker.invokeTestMethods(TestMethodWorker.java:125)
                        at org.testng.internal.TestMethodWorker.run(TestMethodWorker.java:109)
                        at java.util.concurrent.ThreadPoolExecutor.runWorker(ThreadPoolExecutor.java:1149)
                        at java.util.concurrent.ThreadPoolExecutor$Worker.run(ThreadPoolExecutor.java:624)
                        at java.lang.Thread.run(Thread.java:748)
                     </pre>
                  </div>
               </td>
            </tr>
            <tr id="com.erin.selenium.testCase.login_loginTest_byStatus_passed_PASS1_row"
                class="testMethodStatusPASS testMethodStatusCONF">
               <td width="100%" class="firstMethodCell">
                  <a onclick="toggleDetailsVisibility('com.erin.selenium.testCase.login_loginTest_byStatus_passed_PASS1_details')">loginTest()</a>
               </td>
               <td nowrap="true">08:32:47</td>
               <td nowrap="true" align="right">2s
                  
               </td>
               <td nowrap="true">
                   
                  
               </td>
            </tr>
            <tr>
               <td colspan="4" class="detailsBox">
                  <div id="com.erin.selenium.testCase.login_loginTest_byStatus_passed_PASS1_details"
                       class="testMethodDetails">
                     <div>
                        <b>Name: </b>loginTest
                     </div>
                     <div>
                        <b>Signature: </b>loginTest()[pri:0, instance:com.erin.selenium.testCase.login@2d928643]
                     </div>
                     <div>
                        <b>Start time: </b>08:32:47
                     </div>
                     <div>
                        <b>End time: </b>08:32:49
                     </div>
                     <div>
                        <b>Duration: </b>2s
                        
                     </div>
                  </div>
               </td>
            </tr>
            <tr></tr>
            <tr id="com.erin.selenium.testCase.login_getLoginHome_byStatus_passed_PASS2_row"
                class="testMethodStatusPASS">
               <td width="100%" class="firstMethodCell">
                  <a onclick="toggleDetailsVisibility('com.erin.selenium.testCase.login_getLoginHome_byStatus_passed_PASS2_details')">getLoginHome()</a>
               </td>
               <td nowrap="true">08:32:49</td>
               <td nowrap="true" align="right">6s
                  
               </td>
               <td nowrap="true">
                   
                  
               </td>
            </tr>
            <tr>
               <td colspan="4" class="detailsBox">
                  <div id="com.erin.selenium.testCase.login_getLoginHome_byStatus_passed_PASS2_details"
                       class="testMethodDetails">
                     <div>
                        <b>Name: </b>getLoginHome
                     </div>
                     <div>
                        <b>Signature: </b>getLoginHome()[pri:0, instance:com.erin.selenium.testCase.login@2d928643]
                     </div>
                     <div>
                        <b>Start time: </b>08:32:49
                     </div>
                     <div>
                        <b>End time: </b>08:32:56
                     </div>
                     <div>
                        <b>Duration: </b>6s
                        
                     </div>
                  </div>
               </td>
            </tr>
            <tr></tr>
            <tr id="com.erin.selenium.testCase.login_testLogin_byStatus_passed_PASS3_row"
                class="testMethodStatusPASS">
               <td width="100%" class="firstMethodCell">
                  <a onclick="toggleDetailsVisibility('com.erin.selenium.testCase.login_testLogin_byStatus_passed_PASS3_details')">testLogin(18859218264
                     
                     ,
                     
                     5509945cyp)
                  </a>
               </td>
               <td nowrap="true">08:32:56</td>
               <td nowrap="true" align="right">13s
                  
               </td>
               <td nowrap="true">
                   
                  
               </td>
            </tr>
            <tr>
               <td colspan="4" class="detailsBox">
                  <div id="com.erin.selenium.testCase.login_testLogin_byStatus_passed_PASS3_details"
                       class="testMethodDetails">
                     <div>
                        <b>Name: </b>testLogin
                     </div>
                     <div>
                        <b>Signature: </b>testLogin(java.lang.String, java.lang.String)[pri:0, instance:com.erin.selenium.testCase.login@2d928643]
                     </div>
                     <div>
                        <b>Parameters: </b>
                        
                        18859218264
                        
                        ,
                        
                        5509945cyp
                        
                        
                     </div>
                     <div>
                        <b>Start time: </b>08:32:56
                     </div>
                     <div>
                        <b>End time: </b>08:33:09
                     </div>
                     <div>
                        <b>Duration: </b>13s
                        
                     </div>
                     <div>
                        <b>Depends on methods:
                           
                        </b>
                        <div>
                               -
                           com.erin.selenium.testCase.login.getLoginHome
                        </div>
                     </div>
                  </div>
               </td>
            </tr>
            <tr></tr>
            <tr id="com.erin.selenium.testCase.login_TestAddCart_byStatus_passed_PASS4_row"
                class="testMethodStatusPASS">
               <td width="100%" class="firstMethodCell">
                  <a onclick="toggleDetailsVisibility('com.erin.selenium.testCase.login_TestAddCart_byStatus_passed_PASS4_details')">TestAddCart()</a>
               </td>
               <td nowrap="true">08:33:09</td>
               <td nowrap="true" align="right">1s
                  
               </td>
               <td nowrap="true">
                   
                  
               </td>
            </tr>
            <tr>
               <td colspan="4" class="detailsBox">
                  <div id="com.erin.selenium.testCase.login_TestAddCart_byStatus_passed_PASS4_details"
                       class="testMethodDetails">
                     <div>
                        <b>Name: </b>TestAddCart
                     </div>
                     <div>
                        <b>Signature: </b>TestAddCart()[pri:0, instance:com.erin.selenium.testCase.login@2d928643]
                     </div>
                     <div>
                        <b>Start time: </b>08:33:09
                     </div>
                     <div>
                        <b>End time: </b>08:33:11
                     </div>
                     <div>
                        <b>Duration: </b>1s
                        
                     </div>
                     <div>
                        <b>Depends on methods:
                           
                        </b>
                        <div>
                               -
                           com.erin.selenium.testCase.login.testLogin
                        </div>
                     </div>
                  </div>
               </td>
            </tr>
            <tr></tr>
            <tr id="com.erin.selenium.testCase.login_TestSureOrder_byStatus_passed_PASS5_row"
                class="testMethodStatusPASS">
               <td width="100%" class="firstMethodCell">
                  <a onclick="toggleDetailsVisibility('com.erin.selenium.testCase.login_TestSureOrder_byStatus_passed_PASS5_details')">TestSureOrder()</a>
               </td>
               <td nowrap="true">08:33:11</td>
               <td nowrap="true" align="right">2s
                  
               </td>
               <td nowrap="true">
                   
                  
               </td>
            </tr>
            <tr>
               <td colspan="4" class="detailsBox">
                  <div id="com.erin.selenium.testCase.login_TestSureOrder_byStatus_passed_PASS5_details"
                       class="testMethodDetails">
                     <div>
                        <b>Name: </b>TestSureOrder
                     </div>
                     <div>
                        <b>Signature: </b>TestSureOrder()[pri:0, instance:com.erin.selenium.testCase.login@2d928643]
                     </div>
                     <div>
                        <b>Start time: </b>08:33:11
                     </div>
                     <div>
                        <b>End time: </b>08:33:13
                     </div>
                     <div>
                        <b>Duration: </b>2s
                        
                     </div>
                     <div>
                        <b>Depends on methods:
                           
                        </b>
                        <div>
                               -
                           com.erin.selenium.testCase.login.TestAddCart
                        </div>
                     </div>
                  </div>
               </td>
            </tr>
            <tr></tr>
            <tr id="com.erin.selenium.testCase.SuiteTestBuy_beforeClass_byStatus_passed_PASS6_row"
                class="testMethodStatusPASS testMethodStatusCONF">
               <td width="100%" class="firstMethodCell">
                  <a onclick="toggleDetailsVisibility('com.erin.selenium.testCase.SuiteTestBuy_beforeClass_byStatus_passed_PASS6_details')">beforeClass()</a>
               </td>
               <td nowrap="true">08:32:47</td>
               <td nowrap="true" align="right">9s
                  
               </td>
               <td nowrap="true">
                   
                  
               </td>
            </tr>
            <tr>
               <td colspan="4" class="detailsBox">
                  <div id="com.erin.selenium.testCase.SuiteTestBuy_beforeClass_byStatus_passed_PASS6_details"
                       class="testMethodDetails">
                     <div>
                        <b>Name: </b>beforeClass
                     </div>
                     <div>
                        <b>Signature: </b>beforeClass()[pri:0, instance:com.erin.selenium.testCase.SuiteTestBuy@192b07fd]
                     </div>
                     <div>
                        <b>Start time: </b>08:32:47
                     </div>
                     <div>
                        <b>End time: </b>08:32:56
                     </div>
                     <div>
                        <b>Duration: </b>9s
                        
                     </div>
                  </div>
               </td>
            </tr>
            <tr></tr>
            <tr id="com.erin.selenium.testCase.SuiteTestBuy_testBuy_byStatus_passed_PASS7_row"
                class="testMethodStatusPASS">
               <td width="100%" class="firstMethodCell">
                  <a onclick="toggleDetailsVisibility('com.erin.selenium.testCase.SuiteTestBuy_testBuy_byStatus_passed_PASS7_details')">testBuy()</a>
               </td>
               <td nowrap="true">08:32:56</td>
               <td nowrap="true" align="right">2s
                  
               </td>
               <td nowrap="true">
                   
                  
               </td>
            </tr>
            <tr>
               <td colspan="4" class="detailsBox">
                  <div id="com.erin.selenium.testCase.SuiteTestBuy_testBuy_byStatus_passed_PASS7_details"
                       class="testMethodDetails">
                     <div>
                        <b>Name: </b>testBuy
                     </div>
                     <div>
                        <b>Signature: </b>testBuy()[pri:0, instance:com.erin.selenium.testCase.SuiteTestBuy@192b07fd]
                     </div>
                     <div>
                        <b>Start time: </b>08:32:56
                     </div>
                     <div>
                        <b>End time: </b>08:32:59
                     </div>
                     <div>
                        <b>Duration: </b>2s
                        
                     </div>
                  </div>
               </td>
            </tr>
            <tr></tr>
            <tr id="com.erin.selenium.testCase.SuiteTestBuy_afterClass_byStatus_passed_PASS8_row"
                class="testMethodStatusPASS testMethodStatusCONF">
               <td width="100%" class="firstMethodCell">
                  <a onclick="toggleDetailsVisibility('com.erin.selenium.testCase.SuiteTestBuy_afterClass_byStatus_passed_PASS8_details')">afterClass()</a>
               </td>
               <td nowrap="true">08:32:59</td>
               <td nowrap="true" align="right">0 ms
                  
               </td>
               <td nowrap="true">
                   
                  
               </td>
            </tr>
            <tr>
               <td colspan="4" class="detailsBox">
                  <div id="com.erin.selenium.testCase.SuiteTestBuy_afterClass_byStatus_passed_PASS8_details"
                       class="testMethodDetails">
                     <div>
                        <b>Name: </b>afterClass
                     </div>
                     <div>
                        <b>Signature: </b>afterClass()[pri:0, instance:com.erin.selenium.testCase.SuiteTestBuy@192b07fd]
                     </div>
                     <div>
                        <b>Start time: </b>08:32:59
                     </div>
                     <div>
                        <b>End time: </b>08:32:59
                     </div>
                     <div>
                        <b>Duration: </b>0 ms
                        
                     </div>
                  </div>
               </td>
            </tr>
            <tr></tr>
         </table>
      </div>
      <div id="testMethodsByClass" style="display: none;">
         <table class="testMethodsTable" cellpadding="0" cellspacing="0">
            <tr>
               <td colspan="4">
                  <h3 style="display: inline;">com.erin.selenium.testCase.login</h3>
               </td>
            </tr>
            <tr class="methodsTableHeader">
               <td width="100%">Name</td>
               <td nowrap="true">Started</td>
               <td nowrap="true">Duration</td>
               <td>Exception</td>
            </tr>
            <tr id="com.erin.selenium.testCase.login_loginTest_byClass_PASS1_row"
                class="testMethodStatusPASS testMethodStatusCONF">
               <td width="100%" class="firstMethodCell">
                  <a onclick="toggleDetailsVisibility('com.erin.selenium.testCase.login_loginTest_byClass_PASS1_details')">loginTest()</a>
               </td>
               <td nowrap="true">08:32:47</td>
               <td nowrap="true" align="right">2s
                  
               </td>
               <td nowrap="true">
                   
                  
               </td>
            </tr>
            <tr>
               <td colspan="4" class="detailsBox">
                  <div id="com.erin.selenium.testCase.login_loginTest_byClass_PASS1_details"
                       class="testMethodDetails">
                     <div>
                        <b>Name: </b>loginTest
                     </div>
                     <div>
                        <b>Signature: </b>loginTest()[pri:0, instance:com.erin.selenium.testCase.login@2d928643]
                     </div>
                     <div>
                        <b>Start time: </b>08:32:47
                     </div>
                     <div>
                        <b>End time: </b>08:32:49
                     </div>
                     <div>
                        <b>Duration: </b>2s
                        
                     </div>
                  </div>
               </td>
            </tr>
            <tr></tr>
            <tr id="com.erin.selenium.testCase.login_getLoginHome_byClass_PASS2_row"
                class="testMethodStatusPASS">
               <td width="100%" class="firstMethodCell">
                  <a onclick="toggleDetailsVisibility('com.erin.selenium.testCase.login_getLoginHome_byClass_PASS2_details')">getLoginHome()</a>
               </td>
               <td nowrap="true">08:32:49</td>
               <td nowrap="true" align="right">6s
                  
               </td>
               <td nowrap="true">
                   
                  
               </td>
            </tr>
            <tr>
               <td colspan="4" class="detailsBox">
                  <div id="com.erin.selenium.testCase.login_getLoginHome_byClass_PASS2_details"
                       class="testMethodDetails">
                     <div>
                        <b>Name: </b>getLoginHome
                     </div>
                     <div>
                        <b>Signature: </b>getLoginHome()[pri:0, instance:com.erin.selenium.testCase.login@2d928643]
                     </div>
                     <div>
                        <b>Start time: </b>08:32:49
                     </div>
                     <div>
                        <b>End time: </b>08:32:56
                     </div>
                     <div>
                        <b>Duration: </b>6s
                        
                     </div>
                  </div>
               </td>
            </tr>
            <tr></tr>
            <tr id="com.erin.selenium.testCase.login_testLogin_byClass_PASS3_row"
                class="testMethodStatusPASS">
               <td width="100%" class="firstMethodCell">
                  <a onclick="toggleDetailsVisibility('com.erin.selenium.testCase.login_testLogin_byClass_PASS3_details')">testLogin(18859218264
                     
                     ,
                     
                     5509945cyp)
                  </a>
               </td>
               <td nowrap="true">08:32:56</td>
               <td nowrap="true" align="right">13s
                  
               </td>
               <td nowrap="true">
                   
                  
               </td>
            </tr>
            <tr>
               <td colspan="4" class="detailsBox">
                  <div id="com.erin.selenium.testCase.login_testLogin_byClass_PASS3_details"
                       class="testMethodDetails">
                     <div>
                        <b>Name: </b>testLogin
                     </div>
                     <div>
                        <b>Signature: </b>testLogin(java.lang.String, java.lang.String)[pri:0, instance:com.erin.selenium.testCase.login@2d928643]
                     </div>
                     <div>
                        <b>Parameters: </b>
                        
                        18859218264
                        
                        ,
                        
                        5509945cyp
                        
                        
                     </div>
                     <div>
                        <b>Start time: </b>08:32:56
                     </div>
                     <div>
                        <b>End time: </b>08:33:09
                     </div>
                     <div>
                        <b>Duration: </b>13s
                        
                     </div>
                     <div>
                        <b>Depends on methods:
                           
                        </b>
                        <div>
                               -
                           com.erin.selenium.testCase.login.getLoginHome
                        </div>
                     </div>
                  </div>
               </td>
            </tr>
            <tr></tr>
            <tr id="com.erin.selenium.testCase.login_TestAddCart_byClass_PASS4_row"
                class="testMethodStatusPASS">
               <td width="100%" class="firstMethodCell">
                  <a onclick="toggleDetailsVisibility('com.erin.selenium.testCase.login_TestAddCart_byClass_PASS4_details')">TestAddCart()</a>
               </td>
               <td nowrap="true">08:33:09</td>
               <td nowrap="true" align="right">1s
                  
               </td>
               <td nowrap="true">
                   
                  
               </td>
            </tr>
            <tr>
               <td colspan="4" class="detailsBox">
                  <div id="com.erin.selenium.testCase.login_TestAddCart_byClass_PASS4_details"
                       class="testMethodDetails">
                     <div>
                        <b>Name: </b>TestAddCart
                     </div>
                     <div>
                        <b>Signature: </b>TestAddCart()[pri:0, instance:com.erin.selenium.testCase.login@2d928643]
                     </div>
                     <div>
                        <b>Start time: </b>08:33:09
                     </div>
                     <div>
                        <b>End time: </b>08:33:11
                     </div>
                     <div>
                        <b>Duration: </b>1s
                        
                     </div>
                     <div>
                        <b>Depends on methods:
                           
                        </b>
                        <div>
                               -
                           com.erin.selenium.testCase.login.testLogin
                        </div>
                     </div>
                  </div>
               </td>
            </tr>
            <tr></tr>
            <tr id="com.erin.selenium.testCase.login_TestSureOrder_byClass_PASS5_row"
                class="testMethodStatusPASS">
               <td width="100%" class="firstMethodCell">
                  <a onclick="toggleDetailsVisibility('com.erin.selenium.testCase.login_TestSureOrder_byClass_PASS5_details')">TestSureOrder()</a>
               </td>
               <td nowrap="true">08:33:11</td>
               <td nowrap="true" align="right">2s
                  
               </td>
               <td nowrap="true">
                   
                  
               </td>
            </tr>
            <tr>
               <td colspan="4" class="detailsBox">
                  <div id="com.erin.selenium.testCase.login_TestSureOrder_byClass_PASS5_details"
                       class="testMethodDetails">
                     <div>
                        <b>Name: </b>TestSureOrder
                     </div>
                     <div>
                        <b>Signature: </b>TestSureOrder()[pri:0, instance:com.erin.selenium.testCase.login@2d928643]
                     </div>
                     <div>
                        <b>Start time: </b>08:33:11
                     </div>
                     <div>
                        <b>End time: </b>08:33:13
                     </div>
                     <div>
                        <b>Duration: </b>2s
                        
                     </div>
                     <div>
                        <b>Depends on methods:
                           
                        </b>
                        <div>
                               -
                           com.erin.selenium.testCase.login.TestAddCart
                        </div>
                     </div>
                  </div>
               </td>
            </tr>
            <tr></tr>
            <tr id="com.erin.selenium.testCase.login_TestGoPay_byClass_FAIL6_row"
                class="testMethodStatusFAIL">
               <td width="100%" class="firstMethodCell">
                  <a onclick="toggleDetailsVisibility('com.erin.selenium.testCase.login_TestGoPay_byClass_FAIL6_details')">TestGoPay()</a>
               </td>
               <td nowrap="true">08:33:13</td>
               <td nowrap="true" align="right">2s
                  
               </td>
               <td nowrap="true">
                  <a onclick="toggleDetailsVisibility('com.erin.selenium.testCase.login_TestGoPay_byClass_FAIL6_exception')">org.openqa.selenium.NoSuchElementException: 
                     no such element: Unable to locate element: {"method":"class name","selector":"order"}
                     (Session info: chrome=71.0.3578.98)
                     (Driver info: chromedriver=2.39.562718 (9a2698cba08cf5a471a29d30c8b3e12becabb0e9),platform=Windows NT 10.0.17134 x86_64) (WARNING:
                     The server did not provide any stacktrace information)
                     Command duration or timeout: 0 milliseconds
                     For documentation on this error, please visit: http://seleniumhq.org/exceptions/no_such_element.html
                     Build info: version: '3.14.0', revision: 'aacccce0', time: '2018-08-02T20:19:58.91Z'
                     System info: host: 'DESKTOP-DUFVKRL', ip: '192.168.1.124', os.name: 'Windows 10', os.arch: 'amd64', os.version: '10.0', java.version:
                     '1.8.0_171'
                     Driver info: org.openqa.selenium.chrome.ChromeDriver
                     Capabilities {acceptInsecureCerts: false, acceptSslCerts: false, applicationCacheEnabled: false, browserConnectionEnabled:
                     false, browserName: chrome, chrome: {chromedriverVersion: 2.39.562718 (9a2698cba08cf5..., userDataDir: C:\Users\84112\AppData\Loca...},
                     cssSelectorsEnabled: true, databaseEnabled: false, handlesAlerts: true, hasTouchScreen: false, javascriptEnabled: true, locationContextEnabled:
                     true, mobileEmulationEnabled: false, nativeEvents: true, networkConnectionEnabled: false, pageLoadStrategy: normal, platform:
                     XP, platformName: XP, rotatable: false, setWindowRect: true, takesHeapSnapshot: true, takesScreenshot: true, unexpectedAlertBehaviour:
                     , unhandledPromptBehavior: , version: 71.0.3578.98, webStorageEnabled: true}
                     Session ID: 3b0e3efd2837976b079756aa021e9831
                     *** Element info: {Using=class name, value=order}
                     
                  </a>
                   
                  
               </td>
            </tr>
            <tr>
               <td colspan="4" class="detailsBox">
                  <div id="com.erin.selenium.testCase.login_TestGoPay_byClass_FAIL6_details"
                       class="testMethodDetails">
                     <div>
                        <b>Name: </b>TestGoPay
                     </div>
                     <div>
                        <b>Signature: </b>TestGoPay()[pri:0, instance:com.erin.selenium.testCase.login@2d928643]
                     </div>
                     <div>
                        <b>Start time: </b>08:33:13
                     </div>
                     <div>
                        <b>End time: </b>08:33:15
                     </div>
                     <div>
                        <b>Duration: </b>2s
                        
                     </div>
                     <div>
                        <b>Depends on methods:
                           
                        </b>
                        <div>
                               -
                           com.erin.selenium.testCase.login.TestSureOrder
                        </div>
                     </div>
                  </div>
               </td>
            </tr>
            <tr>
               <td colspan="4" class="detailsBox">
                  <div id="com.erin.selenium.testCase.login_TestGoPay_byClass_FAIL6_exception"
                       class="testMethodDetails">
                     <pre style="padding: 5px; margin: 0;">org.openqa.selenium.NoSuchElementException: no such element: Unable to locate element: {"method":"class name","selector":"order"}
                        (Session info: chrome=71.0.3578.98)
                        (Driver info: chromedriver=2.39.562718 (9a2698cba08cf5a471a29d30c8b3e12becabb0e9),platform=Windows NT 10.0.17134 x86_64) (WARNING:
                        The server did not provide any stacktrace information)
                        Command duration or timeout: 0 milliseconds
                        For documentation on this error, please visit: http://seleniumhq.org/exceptions/no_such_element.html
                        Build info: version: '3.14.0', revision: 'aacccce0', time: '2018-08-02T20:19:58.91Z'
                        System info: host: 'DESKTOP-DUFVKRL', ip: '192.168.1.124', os.name: 'Windows 10', os.arch: 'amd64', os.version: '10.0', java.version:
                        '1.8.0_171'
                        Driver info: org.openqa.selenium.chrome.ChromeDriver
                        Capabilities {acceptInsecureCerts: false, acceptSslCerts: false, applicationCacheEnabled: false, browserConnectionEnabled:
                        false, browserName: chrome, chrome: {chromedriverVersion: 2.39.562718 (9a2698cba08cf5..., userDataDir: C:\Users\84112\AppData\Loca...},
                        cssSelectorsEnabled: true, databaseEnabled: false, handlesAlerts: true, hasTouchScreen: false, javascriptEnabled: true, locationContextEnabled:
                        true, mobileEmulationEnabled: false, nativeEvents: true, networkConnectionEnabled: false, pageLoadStrategy: normal, platform:
                        XP, platformName: XP, rotatable: false, setWindowRect: true, takesHeapSnapshot: true, takesScreenshot: true, unexpectedAlertBehaviour:
                        , unhandledPromptBehavior: , version: 71.0.3578.98, webStorageEnabled: true}
                        Session ID: 3b0e3efd2837976b079756aa021e9831
                        *** Element info: {Using=class name, value=order}
                        at sun.reflect.NativeConstructorAccessorImpl.newInstance0(Native Method)
                        at sun.reflect.NativeConstructorAccessorImpl.newInstance(NativeConstructorAccessorImpl.java:62)
                        at sun.reflect.DelegatingConstructorAccessorImpl.newInstance(DelegatingConstructorAccessorImpl.java:45)
                        at java.lang.reflect.Constructor.newInstance(Constructor.java:423)
                        at org.openqa.selenium.remote.ErrorHandler.createThrowable(ErrorHandler.java:214)
                        at org.openqa.selenium.remote.ErrorHandler.throwIfResponseFailed(ErrorHandler.java:166)
                        at org.openqa.selenium.remote.http.JsonHttpResponseCodec.reconstructValue(JsonHttpResponseCodec.java:40)
                        at org.openqa.selenium.remote.http.AbstractHttpResponseCodec.decode(AbstractHttpResponseCodec.java:80)
                        at org.openqa.selenium.remote.http.AbstractHttpResponseCodec.decode(AbstractHttpResponseCodec.java:44)
                        at org.openqa.selenium.remote.HttpCommandExecutor.execute(HttpCommandExecutor.java:158)
                        at org.openqa.selenium.remote.service.DriverCommandExecutor.execute(DriverCommandExecutor.java:83)
                        at org.openqa.selenium.remote.RemoteWebDriver.execute(RemoteWebDriver.java:548)
                        at org.openqa.selenium.remote.RemoteWebDriver.findElement(RemoteWebDriver.java:322)
                        at org.openqa.selenium.remote.RemoteWebDriver.findElementByClassName(RemoteWebDriver.java:408)
                        at org.openqa.selenium.By$ByClassName.findElement(By.java:389)
                        at org.openqa.selenium.remote.RemoteWebDriver.findElement(RemoteWebDriver.java:314)
                        at com.erin.selenium.base.DriverBase.findElement(DriverBase.java:47)
                        at com.erin.selenium.page.BasePage.element(BasePage.java:25)
                        at com.erin.selenium.page.orderPayPage.getOrderNumElement(orderPayPage.java:16)
                        at com.erin.selenium.handle.OrderPayPageHandle.getOrderName(OrderPayPageHandle.java:18)
                        at com.erin.selenium.business.OrderPayPagePro.orderPayPro(OrderPayPagePro.java:17)
                        at com.erin.selenium.testCase.login.TestGoPay(login.java:102)
                        at sun.reflect.NativeMethodAccessorImpl.invoke0(Native Method)
                        at sun.reflect.NativeMethodAccessorImpl.invoke(NativeMethodAccessorImpl.java:62)
                        at sun.reflect.DelegatingMethodAccessorImpl.invoke(DelegatingMethodAccessorImpl.java:43)
                        at java.lang.reflect.Method.invoke(Method.java:498)
                        at org.testng.internal.MethodInvocationHelper.invokeMethod(MethodInvocationHelper.java:124)
                        at org.testng.internal.Invoker.invokeMethod(Invoker.java:580)
                        at org.testng.internal.Invoker.invokeTestMethod(Invoker.java:716)
                        at org.testng.internal.Invoker.invokeTestMethods(Invoker.java:988)
                        at org.testng.internal.TestMethodWorker.invokeTestMethods(TestMethodWorker.java:125)
                        at org.testng.internal.TestMethodWorker.run(TestMethodWorker.java:109)
                        at java.util.concurrent.ThreadPoolExecutor.runWorker(ThreadPoolExecutor.java:1149)
                        at java.util.concurrent.ThreadPoolExecutor$Worker.run(ThreadPoolExecutor.java:624)
                        at java.lang.Thread.run(Thread.java:748)
                     </pre>
                  </div>
               </td>
            </tr>
         </table>
         <br></br>
         <table class="testMethodsTable" cellpadding="0" cellspacing="0">
            <tr>
               <td colspan="4">
                  <h3 style="display: inline;">com.erin.selenium.testCase.SuiteTestBuy</h3>
               </td>
            </tr>
            <tr class="methodsTableHeader">
               <td width="100%">Name</td>
               <td nowrap="true">Started</td>
               <td nowrap="true">Duration</td>
               <td>Exception</td>
            </tr>
            <tr id="com.erin.selenium.testCase.SuiteTestBuy_beforeClass_byClass_PASS1_row"
                class="testMethodStatusPASS testMethodStatusCONF">
               <td width="100%" class="firstMethodCell">
                  <a onclick="toggleDetailsVisibility('com.erin.selenium.testCase.SuiteTestBuy_beforeClass_byClass_PASS1_details')">beforeClass()</a>
               </td>
               <td nowrap="true">08:32:47</td>
               <td nowrap="true" align="right">9s
                  
               </td>
               <td nowrap="true">
                   
                  
               </td>
            </tr>
            <tr>
               <td colspan="4" class="detailsBox">
                  <div id="com.erin.selenium.testCase.SuiteTestBuy_beforeClass_byClass_PASS1_details"
                       class="testMethodDetails">
                     <div>
                        <b>Name: </b>beforeClass
                     </div>
                     <div>
                        <b>Signature: </b>beforeClass()[pri:0, instance:com.erin.selenium.testCase.SuiteTestBuy@192b07fd]
                     </div>
                     <div>
                        <b>Start time: </b>08:32:47
                     </div>
                     <div>
                        <b>End time: </b>08:32:56
                     </div>
                     <div>
                        <b>Duration: </b>9s
                        
                     </div>
                  </div>
               </td>
            </tr>
            <tr></tr>
            <tr id="com.erin.selenium.testCase.SuiteTestBuy_testBuy_byClass_PASS2_row"
                class="testMethodStatusPASS">
               <td width="100%" class="firstMethodCell">
                  <a onclick="toggleDetailsVisibility('com.erin.selenium.testCase.SuiteTestBuy_testBuy_byClass_PASS2_details')">testBuy()</a>
               </td>
               <td nowrap="true">08:32:56</td>
               <td nowrap="true" align="right">2s
                  
               </td>
               <td nowrap="true">
                   
                  
               </td>
            </tr>
            <tr>
               <td colspan="4" class="detailsBox">
                  <div id="com.erin.selenium.testCase.SuiteTestBuy_testBuy_byClass_PASS2_details"
                       class="testMethodDetails">
                     <div>
                        <b>Name: </b>testBuy
                     </div>
                     <div>
                        <b>Signature: </b>testBuy()[pri:0, instance:com.erin.selenium.testCase.SuiteTestBuy@192b07fd]
                     </div>
                     <div>
                        <b>Start time: </b>08:32:56
                     </div>
                     <div>
                        <b>End time: </b>08:32:59
                     </div>
                     <div>
                        <b>Duration: </b>2s
                        
                     </div>
                  </div>
               </td>
            </tr>
            <tr></tr>
            <tr id="com.erin.selenium.testCase.SuiteTestBuy_afterClass_byClass_PASS3_row"
                class="testMethodStatusPASS testMethodStatusCONF">
               <td width="100%" class="firstMethodCell">
                  <a onclick="toggleDetailsVisibility('com.erin.selenium.testCase.SuiteTestBuy_afterClass_byClass_PASS3_details')">afterClass()</a>
               </td>
               <td nowrap="true">08:32:59</td>
               <td nowrap="true" align="right">0 ms
                  
               </td>
               <td nowrap="true">
                   
                  
               </td>
            </tr>
            <tr>
               <td colspan="4" class="detailsBox">
                  <div id="com.erin.selenium.testCase.SuiteTestBuy_afterClass_byClass_PASS3_details"
                       class="testMethodDetails">
                     <div>
                        <b>Name: </b>afterClass
                     </div>
                     <div>
                        <b>Signature: </b>afterClass()[pri:0, instance:com.erin.selenium.testCase.SuiteTestBuy@192b07fd]
                     </div>
                     <div>
                        <b>Start time: </b>08:32:59
                     </div>
                     <div>
                        <b>End time: </b>08:32:59
                     </div>
                     <div>
                        <b>Duration: </b>0 ms
                        
                     </div>
                  </div>
               </td>
            </tr>
            <tr></tr>
         </table>
         <br></br>
      </div>
      <div style="margin-top: 15px; color: gray; text-align: center; font-size: 9px;">
         Generated with
         
         <a href="http://code.google.com/p/testng-xslt/" style="color: #8888aa;"
            target="_blank">
            TestNG XSLT
            
         </a>
      </div>
   </body>
</html>